{"name": "Test to edit a merchant's email and verify success", "status": "failed", "statusDetails": {"message": "AssertionError: Unexpected toast: \nassert 'Merchant updated successfully' in ''", "trace": "self = <test_edit_merchant.TestEditMerchant object at 0x734e2d73e450>\n\n    @allure.title(\"Test to edit a merchant's email and verify success\")\n    def test_edit_merchant_email(self):\n        driver = self.driver\n    \n        # Step 1: Login\n        driver.get(TestData.BASE_URL)\n        login_page = LoginPage(driver)\n        login_page.login(TestData.USERNAME, TestData.PASSWORD)\n    \n        # Step 2: Go to merchant page\n        self.wait.until(EC.element_to_be_clickable(\n            (By.XPATH, \"//span[contains(text(), 'Merchant')]\"))).click()\n    \n        time.sleep(3)  # Allow page to settle\n    \n        # Step 3: Edit Flow\n        edit_page = EditMerchantPage(driver)\n        edit_page.click_more_options()\n        edit_page.click_edit_option()\n    \n        new_email = edit_page.generate_random_email()\n        edit_page.update_email(new_email)\n        edit_page.click_update_button()\n    \n        time.sleep(3)  # Wait for toast to appear\n        edit_page.capture_screenshot_after_update()\n    \n        # Step 4: Validate toast message\n        try:\n            toast_message = edit_page.get_toast_message()\n>           assert \"Merchant updated successfully\" in toast_message, f\"Unexpected toast: {toast_message}\"\nE           AssertionError: Unexpected toast: \nE           assert 'Merchant updated successfully' in ''\n\nTests/merchant/test_edit_merchant.py:48: AssertionError"}, "steps": [{"name": "Login with username: 'admin1', password: '@dmin2929A'", "status": "passed", "parameters": [{"name": "username", "value": "'admin1'"}, {"name": "password", "value": "'@dmin2929A'"}], "start": 1747826155642, "stop": 1747826156200}, {"name": "Clicking 'More Options' for merchant", "status": "passed", "start": 1747826160956, "stop": 1747826161159}, {"name": "Clicking 'Edit' option from dropdown", "status": "passed", "start": 1747826161159, "stop": 1747826161388}, {"name": "Generate a random email address", "status": "passed", "attachments": [{"name": "Generated Email", "source": "2dd1fca0-5757-48ff-9956-d48f4a78f689-attachment.txt", "type": "text/plain"}], "start": 1747826161388, "stop": 1747826161389}, {"name": "Updating email to: '1vgsq6@test.com'", "status": "passed", "parameters": [{"name": "new_email", "value": "'1vgsq6@test.com'"}], "start": 1747826161389, "stop": 1747826161966}, {"name": "Clicking 'Update' button", "status": "passed", "start": 1747826161967, "stop": 1747826162125}, {"name": "Capturing screenshot after update", "status": "passed", "attachments": [{"name": "After Update Screenshot", "source": "e28afd82-e85c-48fb-bb21-4741a0238604-attachment.png", "type": "image/png"}], "start": 1747826165125, "stop": 1747826165293}, {"name": "Get toast message after update", "status": "passed", "start": 1747826165293, "stop": 1747826165334}], "parameters": [{"name": "init_driver", "value": "'chrome'"}], "start": 1747826154392, "stop": 1747826165335, "uuid": "7acde3c9-7a90-497c-aa23-8bff20315038", "historyId": "6a77d28e182c732ac55c012dfbf7454e", "testCaseId": "80b42ae8851199f3f49bd5de9898e940", "fullName": "Tests.merchant.test_edit_merchant.TestEditMerchant#test_edit_merchant_email", "labels": [{"name": "tag", "value": "@pytest.mark.usefixtures('init_driver')"}, {"name": "parentSuite", "value": "Tests.merchant"}, {"name": "suite", "value": "test_edit_merchant"}, {"name": "subSuite", "value": "TestEditMerchant"}, {"name": "host", "value": "bibek-hadkhale-Nitro-AN515-44"}, {"name": "thread", "value": "171140-MainThread"}, {"name": "framework", "value": "pytest"}, {"name": "language", "value": "cpython3"}, {"name": "package", "value": "Tests.merchant.test_edit_merchant"}]}