{"name": "test_login_functionality[chrome--@dmin2929A]", "status": "failed", "statusDetails": {"message": "AssertionError: Login failed for username='', password='@dmin2929A'\nassert False", "trace": "self = <Tests.test_login.TestLogin object at 0x7e49a76c2c50>, username = '', password = '@dmin2929A'\n\n    @pytest.mark.parametrize(\"username, password\", [\n        (\"ram\", \"ram1234\"),\n        (\"dibash\", \"@dmin2929A\"),\n        (\"admin1\", \"dibash11\"),\n        (\"admin1\", \"\"),\n        (\"\", \"@dmin2929A\"),\n        (\"\", \"\"),\n        (\"admin1\", \"@dmin2929A\")\n    ])\n    def test_login_functionality(self, username, password):\n        login_page = LoginPage(self.driver)\n    \n        with allure.step(\"Open login page and attempt login\"):\n            login_page.load()\n            login_page.login(username, password)\n    \n        with allure.step(\"Validate login result\"):\n            toast = login_page.get_toast_message()\n            errors = login_page.get_inline_errors()\n    \n            if login_page.is_login_successful():\n                allure.attach(self.driver.get_screenshot_as_png(), name=\"Login Success\", attachment_type=allure.attachment_type.PNG)\n                assert True\n            else:\n                if toast:\n                    allure.attach(self.driver.get_screenshot_as_png(), name=\"Toast Message\", attachment_type=allure.attachment_type.PNG)\n                    allure.attach(toast, name=\"Toast Text\", attachment_type=allure.attachment_type.TEXT)\n                if errors:\n                    allure.attach(str(errors), name=\"Inline Errors\", attachment_type=allure.attachment_type.TEXT)\n>               assert False, f\"Login failed for username='{username}', password='{password}'\"\nE               AssertionError: Login failed for username='', password='@dmin2929A'\nE               assert False\n\nTests/test_login.py:39: AssertionError"}, "steps": [{"name": "Open login page and attempt login", "status": "passed", "steps": [{"name": "Load login page", "status": "passed", "start": 1747200284676, "stop": 1747200284947}, {"name": "Login with username: '', password: '@dmin2929A'", "status": "passed", "parameters": [{"name": "username", "value": "''"}, {"name": "password", "value": "'@dmin2929A'"}], "start": 1747200284947, "stop": 1747200285361}], "start": 1747200284676, "stop": 1747200285361}, {"name": "Validate login result", "status": "failed", "statusDetails": {"message": "AssertionError: Login failed for username='', password='@dmin2929A'\nassert False\n", "trace": "  File \"/home/bibek-hadkhale/Desktop/IPN-AUTOMATION/Tests/test_login.py\", line 39, in test_login_functionality\n    assert False, f\"Login failed for username='{username}', password='{password}'\"\n"}, "steps": [{"name": "Get toast message if exists", "status": "passed", "start": 1747200285361, "stop": 1747200295410}, {"name": "Check for inline error messages", "status": "passed", "start": 1747200295411, "stop": 1747200305482}, {"name": "Check if login is successful", "status": "passed", "start": 1747200305483, "stop": 1747200305492}], "attachments": [{"name": "Inline Errors", "source": "a22ced9b-a903-41e5-aaa9-8f0ecb3e7058-attachment.txt", "type": "text/plain"}], "start": 1747200285361, "stop": 1747200305493}], "parameters": [{"name": "init_driver", "value": "'chrome'"}, {"name": "username", "value": "''"}, {"name": "password", "value": "'@dmin2929A'"}], "start": 1747200284676, "stop": 1747200305493, "uuid": "0e09ecfd-bb7d-4f78-8428-68c6c806393a", "historyId": "9b05ac9409d654a4df8d0384bfd2883f", "testCaseId": "2a69c06dd07ab6f6747b8fe60239fabb", "fullName": "Tests.test_login.TestLogin#test_login_functionality", "labels": [{"name": "epic", "value": "Login Functionality"}, {"name": "feature", "value": "Login Page Tests"}, {"name": "tag", "value": "@pytest.mark.usefixtures('init_driver')"}, {"name": "parentSuite", "value": "Tests"}, {"name": "suite", "value": "test_login"}, {"name": "subSuite", "value": "TestLogin"}, {"name": "host", "value": "bibek-hadkhale-Nitro-AN515-44"}, {"name": "thread", "value": "147074-MainThread"}, {"name": "framework", "value": "pytest"}, {"name": "language", "value": "cpython3"}, {"name": "package", "value": "Tests.test_login"}]}